2023-05-11 10:01:20,395{GMT}	INFO	[jepsen test runner] jepsen.core: Test version d7d99c78b80cc04afa9c183d7b5a95d99f039b7a (plus uncommitted changes)
2023-05-11 10:01:20,397{GMT}	INFO	[jepsen test runner] jepsen.core: Command line:
lein run test -w echo --bin target/debug/whirlpool --node-count 1 --time-limit 10
2023-05-11 10:01:20,621{GMT}	INFO	[jepsen test runner] jepsen.core: Running test:
{:args []
 :remote
 #jepsen.control.retry.Remote{:remote #jepsen.control.scp.Remote{:cmd-remote #jepsen.control.sshj.SSHJRemote{:concurrency-limit 6,
                                                                                                             :conn-spec nil,
                                                                                                             :client nil,
                                                                                                             :semaphore nil},
                                                                 :conn-spec nil},
                              :conn nil}
 :log-net-send false
 :node-count 1
 :availability nil
 :max-txn-length 4
 :concurrency 1
 :db
 #object[maelstrom.db$db$reify__16142
         "0x28446b06"
         "maelstrom.db$db$reify__16142@28446b06"]
 :max-writes-per-key 16
 :leave-db-running? false
 :name "echo"
 :logging-json? false
 :start-time
 #object[org.joda.time.DateTime "0x404bca88" "2023-05-11T10:01:20.296+05:30"]
 :nemesis-interval 10
 :net
 #object[maelstrom.net$jepsen_net$reify__15251
         "0x509cf379"
         "maelstrom.net$jepsen_net$reify__15251@509cf379"]
 :client
 #object[maelstrom.workload.echo$client$reify__16863
         "0x4f517209"
         "maelstrom.workload.echo$client$reify__16863@4f517209"]
 :barrier
 #object[java.util.concurrent.CyclicBarrier
         "0x60877629"
         "java.util.concurrent.CyclicBarrier@60877629"]
 :log-stderr false
 :pure-generators true
 :ssh {:dummy? true}
 :rate 5
 :checker
 #object[jepsen.checker$compose$reify__11881
         "0x7e86ff3b"
         "jepsen.checker$compose$reify__11881@7e86ff3b"]
 :argv
 ("test"
  "-w"
  "echo"
  "--bin"
  "target/debug/whirlpool"
  "--node-count"
  "1"
  "--time-limit"
  "10")
 :nemesis
 (jepsen.nemesis.ReflCompose
  {:fm {:start-partition 0,
        :stop-partition 0,
        :kill 1,
        :start 1,
        :pause 1,
        :resume 1},
   :nemeses [#unprintable "jepsen.nemesis.combined$partition_nemesis$reify__16416@4936dca9"
             #unprintable "jepsen.nemesis.combined$db_nemesis$reify__16397@d332ebc"]})
 :nodes ["n0"]
 :test-count 1
 :latency {:mean 0, :dist :constant}
 :bin "target/debug/whirlpool"
 :generator
 (jepsen.generator.TimeLimit
  {:limit 10000000000,
   :cutoff nil,
   :gen (jepsen.generator.Any
         {:gens [(jepsen.generator.OnThreads
                  {:f #{:nemesis},
                   :context-filter #object[jepsen.generator.context$make_thread_filter$lazy_filter__9167
                                           "0x48d44acf"
                                           "jepsen.generator.context$make_thread_filter$lazy_filter__9167@48d44acf"],
                   :gen nil})
                 (jepsen.generator.OnThreads
                  {:f #jepsen.generator.context.AllBut{:element :nemesis},
                   :context-filter #object[jepsen.generator.context$make_thread_filter$lazy_filter__9167
                                           "0x21304869"
                                           "jepsen.generator.context$make_thread_filter$lazy_filter__9167@21304869"],
                   :gen (jepsen.generator.Stagger
                         {:dt 400000000,
                          :next-time nil,
                          :gen (jepsen.generator.EachThread
                                {:fresh-gen #object[maelstrom.workload.echo$workload$fn__16882
                                                    "0x49f2994f"
                                                    "maelstrom.workload.echo$workload$fn__16882@49f2994f"],
                                 :context-filters #object[clojure.core$promise$reify__8591
                                                          "0x63dd81ee"
                                                          {:status :pending,
                                                           :val nil}],
                                 :gens {}})})})]})})
 :log-net-recv false
 :os
 #object[maelstrom.net$jepsen_os$reify__15254
         "0x9353d68"
         "maelstrom.net$jepsen_os$reify__15254@9353d68"]
 :time-limit 10
 :workload :echo
 :consistency-models [:strict-serializable]
 :topology :grid}

2023-05-11 10:01:22,038{GMT}	INFO	[jepsen node n0] maelstrom.net: Starting Maelstrom network
2023-05-11 10:01:22,046{GMT}	INFO	[jepsen test runner] jepsen.db: Tearing down DB
2023-05-11 10:01:22,050{GMT}	INFO	[jepsen test runner] jepsen.db: Setting up DB
2023-05-11 10:01:22,063{GMT}	INFO	[jepsen node n0] maelstrom.service: Starting services: (lin-kv lin-tso lww-kv seq-kv)
2023-05-11 10:01:22,081{GMT}	INFO	[jepsen node n0] maelstrom.db: Setting up n0
2023-05-11 10:01:22,084{GMT}	INFO	[jepsen node n0] maelstrom.process: launching target/debug/whirlpool []
2023-05-11 10:01:32,135{GMT}	INFO	[jepsen node n0] maelstrom.db: Tearing down n0
2023-05-11 10:01:33,149{GMT}	INFO	[jepsen node n0] maelstrom.net: Shutting down Maelstrom network
2023-05-11 10:01:33,156{GMT}	WARN	[jepsen test runner] jepsen.core: Test crashed!
clojure.lang.ExceptionInfo: Node n0 crashed with exit status 1. Before crashing, it wrote to STDOUT:



And to STDERR:

Error: Maelstrom input could not be deserialized

Caused by:
    unknown variant `init`, expected `echo` or `echo_ok` at line 1 column 97

Full STDERR logs are available in /Users/gokuls/rust/whirlpool/store/echo/20230511T100120.296+0530/node-logs/n0.log
	at slingshot.support$stack_trace.invoke(support.clj:201)
	at maelstrom.process$stop_node_BANG_.invokeStatic(process.clj:239)
	at maelstrom.process$stop_node_BANG_.invoke(process.clj:217)
	at maelstrom.db$db$reify__16142.teardown_BANG_(db.clj:75)
	at jepsen.db$fn__8744$G__8725__8748.invoke(db.clj:12)
	at jepsen.db$fn__8744$G__8724__8753.invoke(db.clj:12)
	at clojure.core$partial$fn__5908.invoke(core.clj:2642)
	at jepsen.control$on_nodes$fn__8599.invoke(control.clj:314)
	at clojure.lang.AFn.applyToHelper(AFn.java:154)
	at clojure.lang.AFn.applyTo(AFn.java:144)
	at clojure.core$apply.invokeStatic(core.clj:667)
	at clojure.core$with_bindings_STAR_.invokeStatic(core.clj:1990)
	at clojure.core$with_bindings_STAR_.doInvoke(core.clj:1990)
	at clojure.lang.RestFn.applyTo(RestFn.java:142)
	at clojure.core$apply.invokeStatic(core.clj:671)
	at clojure.core$bound_fn_STAR_$fn__5818.doInvoke(core.clj:2020)
	at clojure.lang.RestFn.invoke(RestFn.java:408)
	at dom_top.core$real_pmap_helper$build_thread__211$fn__212.invoke(core.clj:163)
	at clojure.lang.AFn.applyToHelper(AFn.java:152)
	at clojure.lang.AFn.applyTo(AFn.java:144)
	at clojure.core$apply.invokeStatic(core.clj:667)
	at clojure.core$with_bindings_STAR_.invokeStatic(core.clj:1990)
	at clojure.core$with_bindings_STAR_.doInvoke(core.clj:1990)
	at clojure.lang.RestFn.invoke(RestFn.java:425)
	at clojure.lang.AFn.applyToHelper(AFn.java:156)
	at clojure.lang.RestFn.applyTo(RestFn.java:132)
	at clojure.core$apply.invokeStatic(core.clj:671)
	at clojure.core$bound_fn_STAR_$fn__5818.doInvoke(core.clj:2020)
	at clojure.lang.RestFn.invoke(RestFn.java:397)
	at clojure.lang.AFn.run(AFn.java:22)
	at java.base/java.lang.Thread.run(Thread.java:829)
